2023-03-29 08:59:11.004 INFO  c.I.IMSui.ImSuiApplication - Starting ImSuiApplication using Java 17.0.2 with PID 14648 (C:\Users\LAP-10\Documents\UI\InstituteManagementSystemUI\IMSui\target\classes started by LAP-10 in C:\Users\LAP-10\Documents\UI\InstituteManagementSystemUI\IMSui)
2023-03-29 08:59:11.013 INFO  c.I.IMSui.ImSuiApplication - No active profile set, falling back to 1 default profile: "default"
2023-03-29 08:59:12.544 INFO  o.s.b.w.e.tomcat.TomcatWebServer - Tomcat initialized with port(s): 8080 (http)
2023-03-29 08:59:12.554 INFO  o.a.coyote.http11.Http11NioProtocol - Initializing ProtocolHandler ["http-nio-8080"]
2023-03-29 08:59:12.555 INFO  o.a.catalina.core.StandardService - Starting service [Tomcat]
2023-03-29 08:59:12.557 INFO  o.a.catalina.core.StandardEngine - Starting Servlet engine: [Apache Tomcat/10.1.5]
2023-03-29 08:59:12.674 INFO  o.a.c.c.C.[Tomcat].[localhost].[/] - Initializing Spring embedded WebApplicationContext
2023-03-29 08:59:12.674 INFO  o.s.b.w.s.c.ServletWebServerApplicationContext - Root WebApplicationContext: initialization completed in 1551 ms
2023-03-29 08:59:13.943 WARN  o.s.b.a.s.s.UserDetailsServiceAutoConfiguration - 

Using generated security password: dedfe0a4-eafc-4571-a523-7046c762a756

This generated password is for development use only. Your security configuration must be updated before running your application in production.

2023-03-29 08:59:14.046 INFO  o.s.s.web.DefaultSecurityFilterChain - Will secure any request with [org.springframework.security.web.session.DisableEncodeUrlFilter@697a0948, org.springframework.security.web.context.request.async.WebAsyncManagerIntegrationFilter@7cf63b9a, org.springframework.security.web.context.SecurityContextHolderFilter@528c8c1, org.springframework.security.web.header.HeaderWriterFilter@613f7eb7, org.springframework.security.web.csrf.CsrfFilter@2199e845, org.springframework.security.web.authentication.logout.LogoutFilter@9cfc77, org.springframework.security.web.authentication.UsernamePasswordAuthenticationFilter@110b7837, org.springframework.security.web.authentication.ui.DefaultLoginPageGeneratingFilter@1f84327b, org.springframework.security.web.authentication.ui.DefaultLogoutPageGeneratingFilter@4776e209, org.springframework.security.web.authentication.www.BasicAuthenticationFilter@4aebee4b, org.springframework.security.web.savedrequest.RequestCacheAwareFilter@1c046c92, org.springframework.security.web.servletapi.SecurityContextHolderAwareRequestFilter@26582ca, org.springframework.security.web.authentication.AnonymousAuthenticationFilter@265a094b, org.springframework.security.web.access.ExceptionTranslationFilter@5460edd3, org.springframework.security.web.access.intercept.AuthorizationFilter@15e1f8fe]
2023-03-29 08:59:14.081 INFO  o.a.coyote.http11.Http11NioProtocol - Starting ProtocolHandler ["http-nio-8080"]
2023-03-29 08:59:14.105 INFO  o.s.b.w.e.tomcat.TomcatWebServer - Tomcat started on port(s): 8080 (http) with context path ''
2023-03-29 08:59:14.119 INFO  c.I.IMSui.ImSuiApplication - Started ImSuiApplication in 3.5 seconds (process running for 4.279)
2023-03-29 08:59:26.121 INFO  o.a.c.c.C.[Tomcat].[localhost].[/] - Initializing Spring DispatcherServlet 'dispatcherServlet'
2023-03-29 08:59:26.122 INFO  o.s.web.servlet.DispatcherServlet - Initializing Servlet 'dispatcherServlet'
2023-03-29 08:59:26.124 INFO  o.s.web.servlet.DispatcherServlet - Completed initialization in 1 ms
2023-03-29 09:15:36.775 INFO  c.I.IMSui.ImSuiApplication - Starting ImSuiApplication using Java 17.0.2 with PID 11724 (C:\Users\LAP-10\Documents\UI\InstituteManagementSystemUI\IMSui\target\classes started by LAP-10 in C:\Users\LAP-10\Documents\UI\InstituteManagementSystemUI\IMSui)
2023-03-29 09:15:36.779 INFO  c.I.IMSui.ImSuiApplication - No active profile set, falling back to 1 default profile: "default"
2023-03-29 09:15:38.015 INFO  o.s.b.w.e.tomcat.TomcatWebServer - Tomcat initialized with port(s): 8080 (http)
2023-03-29 09:15:38.024 INFO  o.a.coyote.http11.Http11NioProtocol - Initializing ProtocolHandler ["http-nio-8080"]
2023-03-29 09:15:38.025 INFO  o.a.catalina.core.StandardService - Starting service [Tomcat]
2023-03-29 09:15:38.026 INFO  o.a.catalina.core.StandardEngine - Starting Servlet engine: [Apache Tomcat/10.1.5]
2023-03-29 09:15:38.150 INFO  o.a.c.c.C.[Tomcat].[localhost].[/] - Initializing Spring embedded WebApplicationContext
2023-03-29 09:15:38.151 INFO  o.s.b.w.s.c.ServletWebServerApplicationContext - Root WebApplicationContext: initialization completed in 1320 ms
2023-03-29 09:15:39.114 INFO  o.s.s.web.DefaultSecurityFilterChain - Will secure any request with [org.springframework.security.web.session.DisableEncodeUrlFilter@392781e, org.springframework.security.web.context.request.async.WebAsyncManagerIntegrationFilter@3fcbc766, org.springframework.security.web.context.SecurityContextHolderFilter@1ddc6db2, org.springframework.security.web.header.HeaderWriterFilter@3b83459e, org.springframework.web.filter.CorsFilter@28cd2c2, org.springframework.security.web.authentication.logout.LogoutFilter@39c85c1a, org.springframework.security.web.authentication.www.BasicAuthenticationFilter@6c184d4d, org.springframework.security.web.savedrequest.RequestCacheAwareFilter@2eda072, org.springframework.security.web.servletapi.SecurityContextHolderAwareRequestFilter@3fa21d49, org.springframework.security.web.authentication.AnonymousAuthenticationFilter@8e25d3f, org.springframework.security.web.access.ExceptionTranslationFilter@91f565d, org.springframework.security.web.access.intercept.FilterSecurityInterceptor@661fe025]
2023-03-29 09:15:39.265 INFO  o.a.coyote.http11.Http11NioProtocol - Starting ProtocolHandler ["http-nio-8080"]
2023-03-29 09:15:39.288 INFO  o.s.b.w.e.tomcat.TomcatWebServer - Tomcat started on port(s): 8080 (http) with context path ''
2023-03-29 09:15:39.299 INFO  c.I.IMSui.ImSuiApplication - Started ImSuiApplication in 2.858 seconds (process running for 3.389)
2023-03-29 09:16:31.231 INFO  o.a.c.c.C.[Tomcat].[localhost].[/] - Initializing Spring DispatcherServlet 'dispatcherServlet'
2023-03-29 09:16:31.231 INFO  o.s.web.servlet.DispatcherServlet - Initializing Servlet 'dispatcherServlet'
2023-03-29 09:16:31.233 INFO  o.s.web.servlet.DispatcherServlet - Completed initialization in 0 ms
2023-03-29 09:16:31.572 INFO  c.I.IMSui.Service.StudentService - Created student with id: 1
2023-03-29 09:17:34.300 INFO  c.I.IMSui.Service.StudentService - Created student with id: 2
2023-03-29 09:21:49.955 INFO  c.I.IMSui.Service.StaffService - Created Staff with id: 1
2023-03-29 09:28:11.297 INFO  c.I.IMSui.Service.StaffService - Created Staff with id: 2
2023-03-29 09:30:01.442 INFO  c.I.IMSui.Service.StaffService - Created Staff with id: 3
2023-03-29 09:33:27.663 INFO  c.I.IMSui.Service.StaffService - Created Staff with id: 4
2023-03-29 09:34:10.685 INFO  c.I.IMSui.Service.StudentService - Created student with id: 3
2023-03-29 09:40:11.276 INFO  c.I.IMSui.Service.StudentService - Created student with id: 4
2023-03-29 09:40:18.825 INFO  c.I.IMSui.Service.StudentService - Created student with id: 5
2023-03-29 09:51:49.492 INFO  c.I.IMSui.Service.StudentService - Getting all student
2023-03-29 09:52:02.756 INFO  c.I.IMSui.Service.StudentService - Created student with id: 6
2023-03-29 09:52:10.453 INFO  c.I.IMSui.Service.StudentService - Created student with id: 7
2023-03-29 09:52:18.114 INFO  c.I.IMSui.Service.StudentService - get student with id: 1
2023-03-29 09:52:30.837 INFO  c.I.IMSui.Service.StudentService - get student with id: 1
2023-03-29 09:52:30.837 INFO  c.I.IMSui.Service.StudentService - updated student with id: 1
2023-03-29 09:52:44.401 INFO  c.I.IMSui.Service.StudentService - get student with id: 1
2023-03-29 09:52:50.393 INFO  c.I.IMSui.Service.StudentService - get student with id: 1
2023-03-29 09:52:50.394 INFO  c.I.IMSui.Service.StudentService - delete student with id: 1
2023-03-29 09:52:55.249 INFO  c.I.IMSui.Service.StudentService - Getting all student
2023-03-29 09:53:04.402 INFO  c.I.IMSui.Service.StaffService - Getting all Staff
2023-03-29 09:53:14.997 INFO  c.I.IMSui.Service.StaffService - get Staff with id: 1
2023-03-29 09:53:14.998 INFO  c.I.IMSui.Service.StaffService - delete Staff with id: 1
2023-03-29 09:53:21.639 INFO  c.I.IMSui.Service.StaffService - get Staff with id: 2
2023-03-29 09:53:21.639 INFO  c.I.IMSui.Service.StaffService - delete Staff with id: 2
2023-03-29 09:53:26.982 INFO  c.I.IMSui.Service.StaffService - get Staff with id: 3
2023-03-29 09:53:26.983 INFO  c.I.IMSui.Service.StaffService - delete Staff with id: 3
2023-03-29 09:53:32.740 INFO  c.I.IMSui.Service.StaffService - get Staff with id: 3
2023-03-29 09:53:32.741 INFO  c.I.IMSui.Service.StaffService - delete Staff with id: 3
2023-03-29 09:53:36.057 INFO  c.I.IMSui.Service.StaffService - Getting all Staff
2023-03-29 09:53:53.840 INFO  c.I.IMSui.Service.StaffService - get Staff with id: 4
2023-03-29 09:53:53.841 INFO  c.I.IMSui.Service.StaffService - updated Staff with id: 4
2023-03-29 09:53:57.718 INFO  c.I.IMSui.Service.StudentService - Getting all student
2023-03-29 09:54:00.299 INFO  c.I.IMSui.Service.StaffService - Getting all Staff
2023-03-29 09:54:06.292 INFO  c.I.IMSui.Service.StaffService - get Staff with id: 4
2023-03-29 09:54:17.928 INFO  c.I.IMSui.Service.StaffService - Created Staff with id: 5
2023-03-29 09:54:23.215 INFO  c.I.IMSui.Service.StaffService - Getting all Staff
2023-03-29 09:54:30.040 INFO  c.I.IMSui.Service.StaffService - get Staff with id: 5
2023-03-29 11:37:02.480 INFO  c.I.IMSui.Service.StudentService - Created student with id: 8
2023-03-29 11:56:12.556 INFO  c.I.IMSui.Service.StudentService - Created student with id: 9
2023-03-29 11:57:50.135 INFO  c.I.IMSui.Service.StudentService - Getting all student
2023-03-29 12:00:11.535 INFO  c.I.IMSui.Service.StudentService - Created student with id: 10
2023-03-29 12:15:08.716 INFO  c.I.IMSui.Service.StudentService - Created student with id: 11
2023-03-29 12:15:20.243 INFO  c.I.IMSui.Service.StudentService - Created student with id: 12
