2023-03-22 10:30:13.667 INFO  c.I.IMSui.ImSuiApplication - Starting ImSuiApplication using Java 17.0.2 with PID 16344 (C:\Users\LAP-10\Documents\UI\InstituteManagementSystemUI\IMSui\target\classes started by LAP-10 in C:\Users\LAP-10\Documents\UI\InstituteManagementSystemUI\IMSui)
2023-03-22 10:30:13.670 INFO  c.I.IMSui.ImSuiApplication - No active profile set, falling back to 1 default profile: "default"
2023-03-22 10:30:15.083 INFO  o.s.b.w.e.tomcat.TomcatWebServer - Tomcat initialized with port(s): 8080 (http)
2023-03-22 10:30:15.095 INFO  o.a.coyote.http11.Http11NioProtocol - Initializing ProtocolHandler ["http-nio-8080"]
2023-03-22 10:30:15.096 INFO  o.a.catalina.core.StandardService - Starting service [Tomcat]
2023-03-22 10:30:15.097 INFO  o.a.catalina.core.StandardEngine - Starting Servlet engine: [Apache Tomcat/10.1.5]
2023-03-22 10:30:15.215 INFO  o.a.c.c.C.[Tomcat].[localhost].[/] - Initializing Spring embedded WebApplicationContext
2023-03-22 10:30:15.215 INFO  o.s.b.w.s.c.ServletWebServerApplicationContext - Root WebApplicationContext: initialization completed in 1488 ms
2023-03-22 10:30:16.342 INFO  o.a.coyote.http11.Http11NioProtocol - Starting ProtocolHandler ["http-nio-8080"]
2023-03-22 10:30:16.366 INFO  o.s.b.w.e.tomcat.TomcatWebServer - Tomcat started on port(s): 8080 (http) with context path ''
2023-03-22 10:30:16.378 INFO  c.I.IMSui.ImSuiApplication - Started ImSuiApplication in 3.159 seconds (process running for 3.961)
2023-03-22 11:25:58.045 INFO  o.a.c.c.C.[Tomcat].[localhost].[/] - Initializing Spring DispatcherServlet 'dispatcherServlet'
2023-03-22 11:25:58.067 INFO  o.s.web.servlet.DispatcherServlet - Initializing Servlet 'dispatcherServlet'
2023-03-22 11:25:58.167 INFO  o.s.web.servlet.DispatcherServlet - Completed initialization in 99 ms
2023-03-22 11:26:15.060 INFO  c.I.IMSui.Service.StudentService - Getting all student
2023-03-22 11:29:12.740 INFO  c.I.IMSui.ImSuiApplication - Starting ImSuiApplication using Java 17.0.2 with PID 6172 (C:\Users\LAP-10\Documents\UI\InstituteManagementSystemUI\IMSui\target\classes started by LAP-10 in C:\Users\LAP-10\Documents\UI\InstituteManagementSystemUI\IMSui)
2023-03-22 11:29:12.744 INFO  c.I.IMSui.ImSuiApplication - No active profile set, falling back to 1 default profile: "default"
2023-03-22 11:29:13.983 INFO  o.s.b.w.e.tomcat.TomcatWebServer - Tomcat initialized with port(s): 8080 (http)
2023-03-22 11:29:13.995 INFO  o.a.coyote.http11.Http11NioProtocol - Initializing ProtocolHandler ["http-nio-8080"]
2023-03-22 11:29:13.996 INFO  o.a.catalina.core.StandardService - Starting service [Tomcat]
2023-03-22 11:29:13.996 INFO  o.a.catalina.core.StandardEngine - Starting Servlet engine: [Apache Tomcat/10.1.5]
2023-03-22 11:29:14.161 INFO  o.a.c.c.C.[Tomcat].[localhost].[/] - Initializing Spring embedded WebApplicationContext
2023-03-22 11:29:14.161 INFO  o.s.b.w.s.c.ServletWebServerApplicationContext - Root WebApplicationContext: initialization completed in 1371 ms
2023-03-22 11:29:15.036 INFO  o.a.coyote.http11.Http11NioProtocol - Starting ProtocolHandler ["http-nio-8080"]
2023-03-22 11:29:15.078 INFO  o.s.b.w.e.tomcat.TomcatWebServer - Tomcat started on port(s): 8080 (http) with context path ''
2023-03-22 11:29:15.091 INFO  c.I.IMSui.ImSuiApplication - Started ImSuiApplication in 2.652 seconds (process running for 3.216)
2023-03-22 11:29:36.873 INFO  o.a.c.c.C.[Tomcat].[localhost].[/] - Initializing Spring DispatcherServlet 'dispatcherServlet'
2023-03-22 11:29:36.875 INFO  o.s.web.servlet.DispatcherServlet - Initializing Servlet 'dispatcherServlet'
2023-03-22 11:29:36.877 INFO  o.s.web.servlet.DispatcherServlet - Completed initialization in 2 ms
2023-03-22 11:30:57.991 INFO  c.I.IMSui.Service.StudentService - Getting all student
2023-03-22 11:31:30.082 INFO  c.I.IMSui.Service.StudentService - Getting all student
